<testsuites id="" name="" tests="1" failures="0" skipped="0" errors="0" time="30.244145">
<testsuite name="final-report-test.spec.ts" timestamp="2025-08-03T13:10:51.269Z" hostname="chromium" tests="1" failures="0" skipped="0" time="23.921" errors="0">
<testcase name="Final Report Generation Test › should generate AAPL report and document the complete process" classname="final-report-test.spec.ts" time="23.921">
<system-out>
<![CDATA[🚀 Starting Final Report Generation Test
✅ Step 1: Reports page loaded
✅ Step 2: New Report clicked
]]>
</system-out>
<system-err>
<![CDATA[❌ Test error: locator.click: Timeout 15000ms exceeded.
Call log:
[2m  - waiting for locator('text=Equity Research').first()[22m
[2m    - locator resolved to <p class="sc-dyzjNT dcGyb">Based on your recent activity, we recommend the "…</p>[22m
[2m  - attempting click action[22m
[2m    2 × waiting for element to be visible, enabled and stable[22m
[2m      - element is visible, enabled and stable[22m
[2m      - scrolling into view if needed[22m
[2m      - done scrolling[22m
[2m      - <div class="sc-eRUhxR dECqbV">…</div> from <div class="sc-cpqxys dYzvFM">…</div> subtree intercepts pointer events[22m
[2m    - retrying click action[22m
[2m    - waiting 20ms[22m
[2m    - waiting for element to be visible, enabled and stable[22m
[2m    - element is visible, enabled and stable[22m
[2m    - scrolling into view if needed[22m
[2m    - done scrolling[22m
[2m    - <div class="sc-buIUqS bCOmFa">…</div> from <div class="sc-cpqxys dYzvFM">…</div> subtree intercepts pointer events[22m
[2m  2 × retrying click action[22m
[2m      - waiting 100ms[22m
[2m      - waiting for element to be visible, enabled and stable[22m
[2m      - element is visible, enabled and stable[22m
[2m      - scrolling into view if needed[22m
[2m      - done scrolling[22m
[2m      - <div class="sc-gLivYR Msfqm">…</div> from <div class="sc-cpqxys dYzvFM">…</div> subtree intercepts pointer events[22m
[2m  6 × retrying click action[22m
[2m      - waiting 500ms[22m
[2m      - waiting for element to be visible, enabled and stable[22m
[2m      - element is visible, enabled and stable[22m
[2m      - scrolling into view if needed[22m
[2m      - done scrolling[22m
[2m      - <div class="sc-eRUhxR dECqbV">…</div> from <div class="sc-cpqxys dYzvFM">…</div> subtree intercepts pointer events[22m
[2m    - retrying click action[22m
[2m      - waiting 500ms[22m
[2m      - waiting for element to be visible, enabled and stable[22m
[2m      - element is visible, enabled and stable[22m
[2m      - scrolling into view if needed[22m
[2m      - done scrolling[22m
[2m      - <div class="sc-buIUqS bCOmFa">…</div> from <div class="sc-cpqxys dYzvFM">…</div> subtree intercepts pointer events[22m
[2m    - retrying click action[22m
[2m      - waiting 500ms[22m
[2m      - waiting for element to be visible, enabled and stable[22m
[2m      - element is visible, enabled and stable[22m
[2m      - scrolling into view if needed[22m
[2m      - done scrolling[22m
[2m      - <div class="sc-gLivYR Msfqm">…</div> from <div class="sc-cpqxys dYzvFM">…</div> subtree intercepts pointer events[22m
[2m    - retrying click action[22m
[2m      - waiting 500ms[22m
[2m      - waiting for element to be visible, enabled and stable[22m
[2m      - element is visible, enabled and stable[22m
[2m      - scrolling into view if needed[22m
[2m      - done scrolling[22m
[2m      - <div class="sc-gLivYR Msfqm">…</div> from <div class="sc-cpqxys dYzvFM">…</div> subtree intercepts pointer events[22m
[2m  - retrying click action[22m
[2m    - waiting 500ms[22m
[2m    - waiting for element to be visible, enabled and stable[22m
[2m    - element is visible, enabled and stable[22m
[2m    - scrolling into view if needed[22m
[2m    - done scrolling[22m
[2m    - <div class="sc-eRUhxR dECqbV">…</div> from <div class="sc-cpqxys dYzvFM">…</div> subtree intercepts pointer events[22m
[2m  - retrying click action[22m
[2m    - waiting 500ms[22m
[2m    - waiting for element to be visible, enabled and stable[22m
[2m    - element is visible, enabled and stable[22m
[2m    - scrolling into view if needed[22m
[2m    - done scrolling[22m
[2m    - <div class="sc-buIUqS bCOmFa">…</div> from <div class="sc-cpqxys dYzvFM">…</div> subtree intercepts pointer events[22m
[2m  - retrying click action[22m
[2m    - waiting 500ms[22m
[2m    - waiting for element to be visible, enabled and stable[22m
[2m    - element is visible, enabled and stable[22m
[2m    - scrolling into view if needed[22m
[2m    - done scrolling[22m
[2m    - <div class="sc-gLivYR Msfqm">…</div> from <div class="sc-cpqxys dYzvFM">…</div> subtree intercepts pointer events[22m
[2m  - retrying click action[22m
[2m    - waiting 500ms[22m

]]>
</system-err>
</testcase>
</testsuite>
</testsuites>